<?xml version="1.0" encoding="UTF-8"?>
<testsuite name="org.apache.archiva.metadata.repository.jpa.RepositoriesNamespaceTest" time="1.904" tests="2" errors="2" skipped="0" failures="0">
  <properties>
[...]
</properties>
  <testcase name="addRepositories" classname="org.apache.archiva.metadata.repository.jpa.RepositoriesNamespaceTest" time="0.951">
    <error message="No Persistence provider for EntityManager named archiva_meta" type="javax.persistence.PersistenceException">javax.persistence.PersistenceException: No Persistence provider for EntityManager named archiva_meta
	at javax.persistence.Persistence.createEntityManagerFactory(Unknown Source)
	at javax.persistence.Persistence.createEntityManagerFactory(Unknown Source)
	at org.apache.archiva.metadata.repository.jpa.RepositoriesNamespaceTest.setup(RepositoriesNamespaceTest.java:34)
</error>
    <system-err>ERROR StatusLogger Unable to locate a logging implementation, using SimpleLogger
ERROR PersistenceUnitConfiguration Unconfigured persistence unit: archiva_meta please validate with persistence.xml
</system-err>
  </testcase>
  <testcase name="addRepositories" classname="org.apache.archiva.metadata.repository.jpa.RepositoriesNamespaceTest" time="0.953">
    <error type="java.lang.NullPointerException:">java.lang.NullPointerException: null
	at org.apache.archiva.metadata.repository.jpa.RepositoriesNamespaceTest.shutdown(RepositoriesNamespaceTest.java:42)
</error>
  </testcase>
</testsuite>